Arguments: 
  /usr/bin/node /usr/share/yarn/bin/yarn.js install

PATH: 
  /home/dragoomdoc/goProjects/bin:/usr/local/go/bin:/home/dragoomdoc/.swift/swift-5.3.3-RELEASE-ubuntu16.04/usr/bin:/home/dragoomdoc/bin:/usr/local/bin:.intelliJ/bin:/home/linuxbrew/.linuxbrew/bin:/home/linuxbrew/.linuxbrew/sbin:/home/dragoomdoc/.cargo/bin:/usr/local/sbin:/usr/local/bin:/usr/local/games:/usr/sbin:/usr/bin:/usr/games:/sbin:/bin:/usr/local/.go/bin:/usr/lib/postgresql/13.2/bin

Yarn version: 
  1.22.5

Node version: 
  15.14.0

Platform: 
  linux x64

Trace: 
  SyntaxError: /home/dragoomdoc/refactored-waddle/package.json: Unexpected string in JSON at position 227
      at JSON.parse (<anonymous>)
      at /usr/share/yarn/lib/cli.js:1625:59
      at Generator.next (<anonymous>)
      at step (/usr/share/yarn/lib/cli.js:310:30)
      at /usr/share/yarn/lib/cli.js:321:13

npm manifest: 
  {
    "name": "refactored-waddle",
    "version": "1.0.0",
    "main": "index.js",
    "repository": "git@github.com:wearypossum4770/refactored-waddle.git",
    "author": "Stephen Smith <wearypossum4770@yahoo.com>",
    "license": "MIT"
    "private": true,
    "description": "web app just for fun",
    "type": "module",
    "__bugs": null,
    "contributors": [
      "Stephen Smith <wearypossum4770@yahoo.com>"
    ],
    "license": "MIT",
    "keywords": [
      "wearypossum4770"
    ],
    "scripts": {
      "storybook": "start-storybook -p 6006",
      "build-storybook": "build-storybook",
      "test": "node --experimental-vm-modules node_modules/.bin/jest --watch --config ./.jest.config.mjs",
      "pretty": " node --max-old-space-size=6144  node_modules/.bin/prettier --write . ",
      "lint": "",
      "pretty:rust": "node ./cleaner.js && yarn pretty",
      "new": "node ./cleaner.js && node ./new_module.js"
    },
    "devDependencies": {
      "@prettier/plugin-xml": "^0.13.0",
      "@storybook/addon-actions": "^6.1.21",
      "@storybook/addon-essentials": "^6.1.21",
      "@storybook/addon-links": "^6.1.21",
      "@storybook/node-logger": "^6.1.21",
      "@storybook/preset-create-react-app": "^3.1.6",
      "@storybook/react": "^6.1.21",
      "generator-botbuilder": "^4.10.3",
      "jest": "^26.6.3",
      "prettier": "^2.2.1",
      "prettier-plugin-go-template": "^0.0.10",
      "prettier-plugin-java": "^1.0.1",
      "prettier-plugin-sh": "^0.6.0",
      "prettier-plugin-toml": "^0.3.1",
      "prompts": "^2.4.0",
      "yo": "^3.1.1"
    },
    "dependencies": {
      "dotenv": "^8.2.0",
      "nodemailer": "^6.5.0"
    }
  
  
  }

yarn manifest: 
  No manifest

Lockfile: 
  No lockfile
